<?xml version="1.0" encoding="UTF-8"?>
<testng-results ignored="0" total="2" passed="2" failed="0" skipped="0">
  <reporter-output>
  </reporter-output>
  <suite started-at="2024-12-09T09:59:06 MEZ" name="User" finished-at="2024-12-09T09:59:18 MEZ" duration-ms="11976">
    <groups>
    </groups>
    <test started-at="2024-12-09T09:59:06 MEZ" name="User" finished-at="2024-12-09T09:59:18 MEZ" duration-ms="11976">
      <class name="com.demoqa.tests.SearchBookTests">
        <test-method is-config="true" signature="init(java.lang.reflect.Method)[pri:0, instance:com.demoqa.tests.SearchBookTests@49912c99]" started-at="2024-12-09T09:59:13 MEZ" name="init" finished-at="2024-12-09T09:59:16 MEZ" duration-ms="2936" status="PASS">
          <params>
            <param index="0">
              <value>
                <![CDATA[public void com.demoqa.tests.SearchBookTests.searchBookPositiveTest()]]>
              </value>
            </param>
          </params>
          <reporter-output>
          </reporter-output>
        </test-method> <!-- init -->
        <test-method is-config="true" signature="precondition()[pri:0, instance:com.demoqa.tests.SearchBookTests@49912c99]" started-at="2024-12-09T09:59:16 MEZ" name="precondition" finished-at="2024-12-09T09:59:16 MEZ" duration-ms="484" status="PASS">
          <reporter-output>
          </reporter-output>
        </test-method> <!-- precondition -->
        <test-method signature="searchBookPositiveTest()[pri:0, instance:com.demoqa.tests.SearchBookTests@49912c99]" started-at="2024-12-09T09:59:16 MEZ" name="searchBookPositiveTest" finished-at="2024-12-09T09:59:17 MEZ" duration-ms="967" status="PASS">
          <reporter-output>
          </reporter-output>
        </test-method> <!-- searchBookPositiveTest -->
        <test-method is-config="true" signature="tearDown(org.testng.ITestResult)[pri:0, instance:com.demoqa.tests.SearchBookTests@49912c99]" started-at="2024-12-09T09:59:17 MEZ" name="tearDown" finished-at="2024-12-09T09:59:18 MEZ" duration-ms="196" status="PASS">
          <params>
            <param index="0">
              <value>
                <![CDATA[[TestResult name=searchBookPositiveTest status=SUCCESS method=SearchBookTests.searchBookPositiveTest()[pri:0, instance:com.demoqa.tests.SearchBookTests@49912c99] output={null}]]]>
              </value>
            </param>
          </params>
          <reporter-output>
          </reporter-output>
        </test-method> <!-- tearDown -->
      </class> <!-- com.demoqa.tests.SearchBookTests -->
      <class name="com.demoqa.tests.LoginTests">
        <test-method is-config="true" signature="init(java.lang.reflect.Method)[pri:0, instance:com.demoqa.tests.LoginTests@29647f75]" started-at="2024-12-09T09:59:06 MEZ" name="init" finished-at="2024-12-09T09:59:10 MEZ" duration-ms="4439" status="PASS">
          <params>
            <param index="0">
              <value>
                <![CDATA[public void com.demoqa.tests.LoginTests.loginPositiveTest()]]>
              </value>
            </param>
          </params>
          <reporter-output>
          </reporter-output>
        </test-method> <!-- init -->
        <test-method is-config="true" signature="precondition()[pri:0, instance:com.demoqa.tests.LoginTests@29647f75]" started-at="2024-12-09T09:59:10 MEZ" name="precondition" finished-at="2024-12-09T09:59:11 MEZ" duration-ms="917" status="PASS">
          <reporter-output>
          </reporter-output>
        </test-method> <!-- precondition -->
        <test-method signature="loginPositiveTest()[pri:0, instance:com.demoqa.tests.LoginTests@29647f75]" started-at="2024-12-09T09:59:11 MEZ" name="loginPositiveTest" finished-at="2024-12-09T09:59:13 MEZ" duration-ms="1751" status="PASS">
          <reporter-output>
          </reporter-output>
        </test-method> <!-- loginPositiveTest -->
        <test-method is-config="true" signature="tearDown(org.testng.ITestResult)[pri:0, instance:com.demoqa.tests.LoginTests@29647f75]" started-at="2024-12-09T09:59:13 MEZ" name="tearDown" finished-at="2024-12-09T09:59:13 MEZ" duration-ms="239" status="PASS">
          <params>
            <param index="0">
              <value>
                <![CDATA[[TestResult name=loginPositiveTest status=SUCCESS method=LoginTests.loginPositiveTest()[pri:0, instance:com.demoqa.tests.LoginTests@29647f75] output={null}]]]>
              </value>
            </param>
          </params>
          <reporter-output>
          </reporter-output>
        </test-method> <!-- tearDown -->
      </class> <!-- com.demoqa.tests.LoginTests -->
    </test> <!-- User -->
  </suite> <!-- User -->
</testng-results>
